MPlayer 1.3.0 (Debian), built with gcc-7 (C) 2000-2016 MPlayer Team
Usage:   mplayer [options] [url|path/]filename

Basic options: (complete list in the man page)
 -vo <drv>        select video output driver ('-vo help' for a list)
 -ao <drv>        select audio output driver ('-ao help' for a list)
 vcd://<trackno>  play (S)VCD (Super Video CD) track (raw device, no mount)
 dvd://<titleno>  play DVD title from device instead of plain file
 -alang/-slang    select DVD audio/subtitle language (by 2-char country code)
 -ss <position>   seek to given (seconds or hh:mm:ss) position
 -nosound         do not play sound
 -fs              fullscreen playback (or -vm, -zoom, details in the man page)
 -x <x> -y <y>    set display resolution (for use with -vm or -zoom)
 -sub <file>      specify subtitle file to use (also see -subfps, -subdelay)
 -playlist <file> specify playlist file
 -vid x -aid y    select video (x) and audio (y) stream to play
 -fps x -srate y  change video (x fps) and audio (y Hz) rate
 -pp <quality>    enable postprocessing filter (details in the man page)
 -framedrop       enable frame dropping (for slow machines)

Basic keys: (complete list in the man page, also check input.conf)
 <-  or  ->       seek backward/forward 10 seconds
 down or up       seek backward/forward  1 minute
 pgdown or pgup   seek backward/forward 10 minutes
 < or >           step backward/forward in playlist
 p or SPACE       pause movie (press any key to continue)
 q or ESC         stop playing and quit program
 + or -           adjust audio delay by +/- 0.1 second
 o                cycle OSD mode:  none / seekbar / seekbar + timer
 * or /           increase or decrease PCM volume
 x or z           adjust subtitle delay by +/- 0.1 second
 r or t           adjust subtitle position up/down, also see -vf expand

 * * * SEE THE MAN PAGE FOR DETAILS, FURTHER (ADVANCED) OPTIONS AND KEYS * * *

ffmpeg version 3.4.4-0ubuntu0.18.04.1 Copyright (c) 2000-2018 the FFmpeg developers
  built with gcc 7 (Ubuntu 7.3.0-16ubuntu3)
  configuration: --prefix=/usr --extra-version=0ubuntu0.18.04.1 --toolchain=hardened --libdir=/usr/lib/x86_64-linux-gnu --incdir=/usr/include/x86_64-linux-gnu --enable-gpl --disable-stripping --enable-avresample --enable-avisynth --enable-gnutls --enable-ladspa --enable-libass --enable-libbluray --enable-libbs2b --enable-libcaca --enable-libcdio --enable-libflite --enable-libfontconfig --enable-libfreetype --enable-libfribidi --enable-libgme --enable-libgsm --enable-libmp3lame --enable-libmysofa --enable-libopenjpeg --enable-libopenmpt --enable-libopus --enable-libpulse --enable-librubberband --enable-librsvg --enable-libshine --enable-libsnappy --enable-libsoxr --enable-libspeex --enable-libssh --enable-libtheora --enable-libtwolame --enable-libvorbis --enable-libvpx --enable-libwavpack --enable-libwebp --enable-libx265 --enable-libxml2 --enable-libxvid --enable-libzmq --enable-libzvbi --enable-omx --enable-openal --enable-opengl --enable-sdl2 --enable-libdc1394 --enable-libdrm --enable-libiec61883 --enable-chromaprint --enable-frei0r --enable-libopencv --enable-libx264 --enable-shared
  libavutil      55. 78.100 / 55. 78.100
  libavcodec     57.107.100 / 57.107.100
  libavformat    57. 83.100 / 57. 83.100
  libavdevice    57. 10.100 / 57. 10.100
  libavfilter     6.107.100 /  6.107.100
  libavresample   3.  7.  0 /  3.  7.  0
  libswscale      4.  8.100 /  4.  8.100
  libswresample   2.  9.100 /  2.  9.100
  libpostproc    54.  7.100 / 54.  7.100
./original_path/2018112414521_KBS.flv: No such file or directory
Traceback (most recent call last):
  File "/usr/local/lib/python3.6/dist-packages/mutagen/_util.py", line 235, in _openfile
    fileobj = open(filename, "rb+" if writable else "rb")
FileNotFoundError: [Errno 2] No such file or directory: './transfer_path/2018112414521_KBS.mp3'

During handling of the above exception, another exception occurred:

Traceback (most recent call last):
  File "kbs.py", line 92, in <module>
    kbs_download()
  File "kbs.py", line 43, in kbs_download
    edit_mp3_tag(transfer_file)
  File "kbs.py", line 14, in edit_mp3_tag
    meta = EasyID3(transfer_file)
  File "/usr/local/lib/python3.6/dist-packages/mutagen/easyid3.py", line 170, in __init__
    self.load(filename)
  File "/usr/local/lib/python3.6/dist-packages/mutagen/_util.py", line 169, in wrapper
    return func(*args, **kwargs)
  File "/usr/local/lib/python3.6/dist-packages/mutagen/_util.py", line 139, in wrapper
    writable, create) as h:
  File "/usr/lib/python3.6/contextlib.py", line 81, in __enter__
    return next(self.gen)
  File "/usr/local/lib/python3.6/dist-packages/mutagen/_util.py", line 256, in _openfile
    raise MutagenError(e)
mutagen.MutagenError: [Errno 2] No such file or directory: './transfer_path/2018112414521_KBS.mp3'
